::1 - - [19/Jul/2024:09:39:29 +0000] "GET /api/user/register HTTP/1.1" 404 156 "-" "PostmanRuntime/7.40.0"
::1 - - [19/Jul/2024:09:39:34 +0000] "GET /api/user/register HTTP/1.1" 404 156 "-" "PostmanRuntime/7.40.0"
::1 - - [19/Jul/2024:09:39:42 +0000] "POST /api/user/register HTTP/1.1" 422 160 "-" "PostmanRuntime/7.40.0"
::1 - - [19/Jul/2024:09:39:55 +0000] "POST /api/user/register HTTP/1.1" 422 28 "-" "PostmanRuntime/7.40.0"
::1 - - [19/Jul/2024:09:40:44 +0000] "POST /api/user/register HTTP/1.1" 422 28 "-" "PostmanRuntime/7.40.0"
::1 - - [19/Jul/2024:09:41:13 +0000] "POST /api/user/register HTTP/1.1" 400 208 "-" "PostmanRuntime/7.40.0"
::1 - - [19/Jul/2024:09:41:28 +0000] "POST /api/user/register HTTP/1.1" 422 27 "-" "PostmanRuntime/7.40.0"
::1 - - [19/Jul/2024:09:41:36 +0000] "POST /api/user/register HTTP/1.1" 400 208 "-" "PostmanRuntime/7.40.0"
::1 - - [19/Jul/2024:09:46:58 +0000] "POST /api/user/register HTTP/1.1" 400 208 "-" "PostmanRuntime/7.40.0"
::1 - - [19/Jul/2024:09:48:00 +0000] "POST /api/user/register HTTP/1.1" 400 208 "-" "PostmanRuntime/7.40.0"
::1 - - [19/Jul/2024:09:48:01 +0000] "POST /api/user/register HTTP/1.1" 400 208 "-" "PostmanRuntime/7.40.0"
::1 - - [19/Jul/2024:09:48:02 +0000] "POST /api/user/register HTTP/1.1" 400 208 "-" "PostmanRuntime/7.40.0"
::1 - - [19/Jul/2024:09:48:03 +0000] "POST /api/user/register HTTP/1.1" 400 208 "-" "PostmanRuntime/7.40.0"
::1 - - [19/Jul/2024:09:48:05 +0000] "POST /api/user/register HTTP/1.1" 400 208 "-" "PostmanRuntime/7.40.0"
::1 - - [19/Jul/2024:09:50:45 +0000] "POST /api/user/register HTTP/1.1" 400 208 "-" "PostmanRuntime/7.40.0"
::1 - - [19/Jul/2024:09:53:46 +0000] "POST /api/user/register HTTP/1.1" 400 208 "-" "PostmanRuntime/7.40.0"
::1 - - [19/Jul/2024:09:56:20 +0000] "POST /api/user/register HTTP/1.1" 400 208 "-" "PostmanRuntime/7.40.0"
::1 - - [19/Jul/2024:09:58:06 +0000] "POST /api/user/register HTTP/1.1" 400 208 "-" "PostmanRuntime/7.40.0"
::1 - - [19/Jul/2024:10:01:55 +0000] "POST /api/user/register HTTP/1.1" 400 208 "-" "PostmanRuntime/7.40.0"
::1 - - [19/Jul/2024:10:02:00 +0000] "POST /api/user/register HTTP/1.1" 400 208 "-" "PostmanRuntime/7.40.0"
::1 - - [19/Jul/2024:10:03:34 +0000] "POST /api/user/register HTTP/1.1" 400 208 "-" "PostmanRuntime/7.40.0"
::1 - - [19/Jul/2024:10:03:37 +0000] "POST /api/user/register HTTP/1.1" 400 208 "-" "PostmanRuntime/7.40.0"
::1 - - [19/Jul/2024:10:10:04 +0000] "POST /api/user/register HTTP/1.1" 400 208 "-" "PostmanRuntime/7.40.0"
::1 - - [19/Jul/2024:10:10:06 +0000] "POST /api/user/register HTTP/1.1" 400 208 "-" "PostmanRuntime/7.40.0"
::1 - - [19/Jul/2024:10:10:23 +0000] "POST /api/user/register HTTP/1.1" 201 142 "-" "PostmanRuntime/7.40.0"
::1 - - [19/Jul/2024:10:12:11 +0000] "POST /api/user/register HTTP/1.1" 400 187 "-" "PostmanRuntime/7.40.0"
::1 - - [19/Jul/2024:10:13:22 +0000] "POST /api/user/register HTTP/1.1" 400 123 "-" "PostmanRuntime/7.40.0"
::1 - - [19/Jul/2024:10:14:28 +0000] "POST /api/user/register HTTP/1.1" 201 192 "-" "PostmanRuntime/7.40.0"
::1 - - [19/Jul/2024:10:17:01 +0000] "POST /api/user/register HTTP/1.1" 400 187 "-" "PostmanRuntime/7.40.0"
::1 - - [19/Jul/2024:10:17:08 +0000] "POST /api/user/register HTTP/1.1" 201 191 "-" "PostmanRuntime/7.40.0"
::1 - - [19/Jul/2024:11:15:40 +0000] "POST /api/user/register HTTP/1.1" 201 200 "-" "PostmanRuntime/7.40.0"
::1 - - [19/Jul/2024:11:15:54 +0000] "POST /api/user/login HTTP/1.1" 200 16 "-" "PostmanRuntime/7.40.0"
::1 - - [19/Jul/2024:11:16:44 +0000] "POST /api/user/login HTTP/1.1" 200 16 "-" "PostmanRuntime/7.40.0"
::1 - - [19/Jul/2024:11:18:54 +0000] "POST /api/user/login HTTP/1.1" 200 30 "-" "PostmanRuntime/7.40.0"
::1 - - [19/Jul/2024:11:31:57 +0000] "POST /api/user/login HTTP/1.1" 200 16 "-" "PostmanRuntime/7.40.0"
::1 - - [19/Jul/2024:11:56:27 +0000] "POST /api/user/login HTTP/1.1" 200 278 "-" "PostmanRuntime/7.40.0"
::1 - - [19/Jul/2024:11:56:53 +0000] "POST /api/user/login HTTP/1.1" 200 30 "-" "PostmanRuntime/7.40.0"
::1 - - [19/Jul/2024:11:57:19 +0000] "POST /api/user/verifyOTP HTTP/1.1" 403 25 "-" "PostmanRuntime/7.40.0"
::1 - - [19/Jul/2024:11:57:22 +0000] "POST /api/user/verifyOTP HTTP/1.1" 403 25 "-" "PostmanRuntime/7.40.0"
::1 - - [19/Jul/2024:11:57:47 +0000] "POST /api/user/verifyOTP HTTP/1.1" 403 25 "-" "PostmanRuntime/7.40.0"
::1 - - [19/Jul/2024:11:58:39 +0000] "POST /api/user/verifyOTP HTTP/1.1" 200 26 "-" "PostmanRuntime/7.40.0"
::1 - - [19/Jul/2024:11:59:36 +0000] "POST /api/user/verifyOTP HTTP/1.1" 200 26 "-" "PostmanRuntime/7.40.0"
::1 - - [19/Jul/2024:11:59:54 +0000] "POST /api/user/verifyOTP HTTP/1.1" 200 26 "-" "PostmanRuntime/7.40.0"
::1 - - [19/Jul/2024:12:00:30 +0000] "POST /api/user/verifyOTP HTTP/1.1" 200 26 "-" "PostmanRuntime/7.40.0"
::1 - - [19/Jul/2024:12:02:01 +0000] "POST /api/user/verifyOTP HTTP/1.1" 400 150 "-" "PostmanRuntime/7.40.0"
::1 - - [19/Jul/2024:12:02:23 +0000] "POST /api/user/verifyOTP HTTP/1.1" 400 150 "-" "PostmanRuntime/7.40.0"
::1 - - [19/Jul/2024:12:03:16 +0000] "POST /api/user/login HTTP/1.1" 200 16 "-" "PostmanRuntime/7.40.0"
::1 - - [19/Jul/2024:12:03:29 +0000] "POST /api/user/verifyOTP HTTP/1.1" 422 27 "-" "PostmanRuntime/7.40.0"
::1 - - [19/Jul/2024:12:03:41 +0000] "POST /api/user/verifyOTP HTTP/1.1" 400 150 "-" "PostmanRuntime/7.40.0"
::1 - - [19/Jul/2024:12:03:44 +0000] "POST /api/user/verifyOTP HTTP/1.1" 400 150 "-" "PostmanRuntime/7.40.0"
::1 - - [19/Jul/2024:12:04:26 +0000] "POST /api/user/verifyOTP HTTP/1.1" 400 150 "-" "PostmanRuntime/7.40.0"
::1 - - [19/Jul/2024:12:04:51 +0000] "POST /api/user/verifyOTP HTTP/1.1" 400 150 "-" "PostmanRuntime/7.40.0"
::1 - - [19/Jul/2024:12:05:20 +0000] "POST /api/user/verifyOTP HTTP/1.1" 400 120 "-" "PostmanRuntime/7.40.0"
::1 - - [19/Jul/2024:12:05:24 +0000] "POST /api/user/verifyOTP HTTP/1.1" 400 120 "-" "PostmanRuntime/7.40.0"
::1 - - [19/Jul/2024:12:43:32 +0000] "POST /api/user/register HTTP/1.1" 201 193 "-" "PostmanRuntime/7.40.0"
::1 - - [19/Jul/2024:12:45:35 +0000] "POST /api/user/login HTTP/1.1" 400 61 "-" "PostmanRuntime/7.40.0"
::1 - - [19/Jul/2024:12:45:42 +0000] "POST /api/user/login HTTP/1.1" 200 16 "-" "PostmanRuntime/7.40.0"
::1 - - [19/Jul/2024:12:46:30 +0000] "POST /api/user/verifyOTP HTTP/1.1" 400 120 "-" "PostmanRuntime/7.40.0"
::1 - - [19/Jul/2024:12:46:54 +0000] "POST /api/user/verifyOTP HTTP/1.1" 200 26 "-" "PostmanRuntime/7.40.0"
::1 - - [19/Jul/2024:13:05:15 +0000] "POST /api/user/verifyOTP HTTP/1.1" 403 25 "-" "PostmanRuntime/7.40.0"
::1 - - [19/Jul/2024:13:05:44 +0000] "POST /api/user/verifyOTP HTTP/1.1" 403 25 "-" "PostmanRuntime/7.40.0"
::1 - - [19/Jul/2024:13:05:49 +0000] "POST /api/user/login HTTP/1.1" 200 16 "-" "PostmanRuntime/7.40.0"
::1 - - [19/Jul/2024:13:06:31 +0000] "POST /api/user/verifyOTP HTTP/1.1" 400 120 "-" "PostmanRuntime/7.40.0"
::1 - - [19/Jul/2024:13:06:35 +0000] "POST /api/user/verifyOTP HTTP/1.1" 400 120 "-" "PostmanRuntime/7.40.0"
::1 - - [19/Jul/2024:13:06:56 +0000] "POST /api/user/verifyOTP HTTP/1.1" 400 120 "-" "PostmanRuntime/7.40.0"
::1 - - [19/Jul/2024:13:07:06 +0000] "POST /api/user/login HTTP/1.1" 200 30 "-" "PostmanRuntime/7.40.0"
::1 - - [19/Jul/2024:13:10:48 +0000] "POST /api/user/login HTTP/1.1" 200 30 "-" "PostmanRuntime/7.40.0"
::1 - - [19/Jul/2024:13:35:22 +0000] "POST /api/user/login HTTP/1.1" 200 16 "-" "PostmanRuntime/7.40.0"
::1 - - [19/Jul/2024:13:35:29 +0000] "POST /api/user/verifyOTP HTTP/1.1" 200 26 "-" "PostmanRuntime/7.40.0"
::1 - - [19/Jul/2024:14:10:07 +0000] "GET /api/items/create HTTP/1.1" 404 155 "-" "PostmanRuntime/7.40.0"
::1 - - [19/Jul/2024:14:10:16 +0000] "GET /api/items/create HTTP/1.1" 404 155 "-" "PostmanRuntime/7.40.0"
::1 - - [19/Jul/2024:14:10:21 +0000] "POST /api/items/create HTTP/1.1" 404 156 "-" "PostmanRuntime/7.40.0"
::1 - - [19/Jul/2024:14:11:23 +0000] "POST /api/items/create HTTP/1.1" 404 156 "-" "PostmanRuntime/7.40.0"
::1 - - [19/Jul/2024:14:12:07 +0000] "POST /api/items/create HTTP/1.1" 404 156 "-" "PostmanRuntime/7.40.0"
::1 - - [19/Jul/2024:14:12:34 +0000] "POST /api/items/create HTTP/1.1" 403 36 "-" "PostmanRuntime/7.40.0"
::1 - - [19/Jul/2024:14:13:00 +0000] "POST /api/user/login HTTP/1.1" 200 16 "-" "PostmanRuntime/7.40.0"
::1 - - [19/Jul/2024:14:13:07 +0000] "POST /api/user/verifyOTP HTTP/1.1" 200 26 "-" "PostmanRuntime/7.40.0"
::1 - - [19/Jul/2024:14:14:06 +0000] "POST /api/user/verifyOTP HTTP/1.1" 400 120 "-" "PostmanRuntime/7.40.0"
::1 - - [19/Jul/2024:14:14:15 +0000] "POST /api/user/login HTTP/1.1" 200 30 "-" "PostmanRuntime/7.40.0"
::1 - - [19/Jul/2024:14:14:35 +0000] "POST /api/user/login HTTP/1.1" 200 30 "-" "PostmanRuntime/7.40.0"
::1 - - [19/Jul/2024:14:14:37 +0000] "POST /api/user/login HTTP/1.1" 200 30 "-" "PostmanRuntime/7.40.0"
::1 - - [19/Jul/2024:14:15:31 +0000] "POST /api/user/login HTTP/1.1" 200 30 "-" "PostmanRuntime/7.40.0"
::1 - - [19/Jul/2024:14:15:33 +0000] "POST /api/user/login HTTP/1.1" 200 30 "-" "PostmanRuntime/7.40.0"
::1 - - [19/Jul/2024:14:20:43 +0000] "POST /api/user/login HTTP/1.1" 200 16 "-" "PostmanRuntime/7.40.0"
::1 - - [19/Jul/2024:14:20:56 +0000] "POST /api/user/verifyOTP HTTP/1.1" 200 288 "-" "PostmanRuntime/7.40.0"
::1 - - [19/Jul/2024:14:21:49 +0000] "POST /api/items/create HTTP/1.1" 403 36 "-" "PostmanRuntime/7.40.0"
::1 - - [19/Jul/2024:14:22:41 +0000] "POST /api/user/register HTTP/1.1" 201 196 "-" "PostmanRuntime/7.40.0"
::1 - - [19/Jul/2024:14:23:08 +0000] "POST /api/user/login HTTP/1.1" 200 16 "-" "PostmanRuntime/7.40.0"
::1 - - [19/Jul/2024:14:23:15 +0000] "POST /api/user/verifyOTP HTTP/1.1" 200 288 "-" "PostmanRuntime/7.40.0"
::1 - - [19/Jul/2024:14:23:33 +0000] "POST /api/items/create HTTP/1.1" 201 228 "-" "PostmanRuntime/7.40.0"
::1 - - [19/Jul/2024:14:25:45 +0000] "GET /api/items/find HTTP/1.1" 200 286 "-" "PostmanRuntime/7.40.0"
::1 - - [19/Jul/2024:14:26:05 +0000] "GET /api/items/find HTTP/1.1" 200 58 "-" "PostmanRuntime/7.40.0"
::1 - - [19/Jul/2024:18:06:08 +0000] "POST /api/user/register HTTP/1.1" 400 62 "-" "PostmanRuntime/7.40.0"
::1 - - [19/Jul/2024:18:06:40 +0000] "POST /api/user/register HTTP/1.1" 201 196 "-" "PostmanRuntime/7.40.0"
::1 - - [19/Jul/2024:18:07:16 +0000] "POST /api/user/login HTTP/1.1" 200 16 "-" "PostmanRuntime/7.40.0"
::1 - - [19/Jul/2024:18:07:25 +0000] "POST /api/user/verifyOTP HTTP/1.1" 200 288 "-" "PostmanRuntime/7.40.0"
::1 - - [19/Jul/2024:18:09:42 +0000] "POST /api/payment/create HTTP/1.1" 404 158 "-" "PostmanRuntime/7.40.0"
::1 - - [19/Jul/2024:18:10:33 +0000] "POST /api/payment/create HTTP/1.1" 500 21 "-" "PostmanRuntime/7.40.0"
::1 - - [19/Jul/2024:18:12:15 +0000] "POST /api/payment/create HTTP/1.1" 500 21 "-" "PostmanRuntime/7.40.0"
::1 - - [19/Jul/2024:18:12:46 +0000] "POST /api/payment/create HTTP/1.1" 400 64 "-" "PostmanRuntime/7.40.0"
::1 - - [19/Jul/2024:18:12:55 +0000] "POST /api/payment/create HTTP/1.1" 400 64 "-" "PostmanRuntime/7.40.0"
::1 - - [19/Jul/2024:18:13:44 +0000] "POST /api/payment/create HTTP/1.1" 400 64 "-" "PostmanRuntime/7.40.0"
::1 - - [19/Jul/2024:18:14:19 +0000] "POST /api/payment/create HTTP/1.1" 400 64 "-" "PostmanRuntime/7.40.0"
::1 - - [19/Jul/2024:18:14:54 +0000] "POST /api/payment/create HTTP/1.1" 400 64 "-" "PostmanRuntime/7.40.0"
::1 - - [19/Jul/2024:18:15:24 +0000] "POST /api/payment/create HTTP/1.1" 400 64 "-" "PostmanRuntime/7.40.0"
::1 - - [19/Jul/2024:18:17:12 +0000] "POST /api/payment/create HTTP/1.1" 200 52 "-" "PostmanRuntime/7.40.0"
::1 - - [19/Jul/2024:18:17:34 +0000] "POST /api/payment/create HTTP/1.1" 200 52 "-" "PostmanRuntime/7.40.0"
::1 - - [19/Jul/2024:18:18:10 +0000] "POST /api/payment/create HTTP/1.1" 200 52 "-" "PostmanRuntime/7.40.0"
::1 - - [19/Jul/2024:18:18:59 +0000] "POST /api/payment/create HTTP/1.1" 200 52 "-" "PostmanRuntime/7.40.0"
::1 - - [19/Jul/2024:18:20:28 +0000] "POST /api/payment/create HTTP/1.1" 200 52 "-" "PostmanRuntime/7.40.0"
::1 - - [19/Jul/2024:18:21:07 +0000] "POST /api/payment/create HTTP/1.1" 200 52 "-" "PostmanRuntime/7.40.0"
::1 - - [19/Jul/2024:18:21:35 +0000] "POST /api/payment/create HTTP/1.1" 200 52 "-" "PostmanRuntime/7.40.0"
::1 - - [19/Jul/2024:18:22:24 +0000] "POST /api/payment/create HTTP/1.1" 400 47 "-" "PostmanRuntime/7.40.0"
::1 - - [19/Jul/2024:18:23:35 +0000] "POST /api/payment/create HTTP/1.1" 200 40 "-" "PostmanRuntime/7.40.0"
::1 - - [19/Jul/2024:18:23:43 +0000] "POST /api/payment/create HTTP/1.1" 422 28 "-" "PostmanRuntime/7.40.0"
::1 - - [19/Jul/2024:18:23:50 +0000] "POST /api/payment/create HTTP/1.1" 200 33 "-" "PostmanRuntime/7.40.0"
::1 - - [19/Jul/2024:18:29:37 +0000] "POST /api/payment/create HTTP/1.1" 200 51 "-" "PostmanRuntime/7.40.0"
::1 - - [19/Jul/2024:18:29:58 +0000] "POST /api/payment/create HTTP/1.1" 422 28 "-" "PostmanRuntime/7.40.0"
::1 - - [19/Jul/2024:18:31:44 +0000] "POST /api/payment/create HTTP/1.1" 200 51 "-" "PostmanRuntime/7.40.0"
::1 - - [19/Jul/2024:18:32:10 +0000] "POST /api/payment/create HTTP/1.1" 200 51 "-" "PostmanRuntime/7.40.0"
::1 - - [19/Jul/2024:18:33:12 +0000] "POST /api/payment/create HTTP/1.1" 200 51 "-" "PostmanRuntime/7.40.0"
::1 - - [19/Jul/2024:18:34:48 +0000] "POST /api/payment/create HTTP/1.1" 200 33 "-" "PostmanRuntime/7.40.0"
::1 - - [19/Jul/2024:18:34:56 +0000] "POST /api/payment/create HTTP/1.1" 200 40 "-" "PostmanRuntime/7.40.0"
::1 - - [19/Jul/2024:18:35:00 +0000] "POST /api/payment/create HTTP/1.1" 200 52 "-" "PostmanRuntime/7.40.0"
::1 - - [19/Jul/2024:18:35:05 +0000] "POST /api/payment/create HTTP/1.1" 200 52 "-" "PostmanRuntime/7.40.0"
::1 - - [19/Jul/2024:18:36:30 +0000] "POST /api/payment/create HTTP/1.1" 200 52 "-" "PostmanRuntime/7.40.0"
::1 - - [19/Jul/2024:18:36:32 +0000] "POST /api/payment/create HTTP/1.1" 400 64 "-" "PostmanRuntime/7.40.0"
::1 - - [19/Jul/2024:18:37:25 +0000] "POST /api/payment/create HTTP/1.1" 400 58 "-" "PostmanRuntime/7.40.0"
::1 - - [19/Jul/2024:18:37:58 +0000] "POST /api/payment/create HTTP/1.1" 400 58 "-" "PostmanRuntime/7.40.0"
::1 - - [19/Jul/2024:18:38:24 +0000] "POST /api/payment/create HTTP/1.1" 400 58 "-" "PostmanRuntime/7.40.0"
::1 - - [19/Jul/2024:18:38:41 +0000] "POST /api/payment/create HTTP/1.1" 200 52 "-" "PostmanRuntime/7.40.0"
::1 - - [19/Jul/2024:18:38:47 +0000] "POST /api/payment/create HTTP/1.1" 400 58 "-" "PostmanRuntime/7.40.0"
::1 - - [20/Jul/2024:09:59:52 +0000] "POST /api/roles/create HTTP/1.1" 422 26 "-" "PostmanRuntime/7.40.0"
::1 - - [20/Jul/2024:09:59:59 +0000] "POST /api/roles/create HTTP/1.1" 201 60 "-" "PostmanRuntime/7.40.0"
::1 - - [20/Jul/2024:10:01:14 +0000] "POST /api/catelogs/create HTTP/1.1" 201 63 "-" "PostmanRuntime/7.40.0"
::1 - - [20/Jul/2024:10:02:47 +0000] "POST /api/category/create HTTP/1.1" 201 61 "-" "PostmanRuntime/7.40.0"
::1 - - [20/Jul/2024:10:30:26 +0000] "POST /api/roles/create HTTP/1.1" 201 60 "-" "PostmanRuntime/7.40.0"
::1 - - [20/Jul/2024:10:30:33 +0000] "POST /api/roles/create HTTP/1.1" 201 60 "-" "PostmanRuntime/7.40.0"
::1 - - [20/Jul/2024:10:30:43 +0000] "POST /api/catelogs/create HTTP/1.1" 201 63 "-" "PostmanRuntime/7.40.0"
::1 - - [20/Jul/2024:10:30:48 +0000] "POST /api/category/create HTTP/1.1" 201 61 "-" "PostmanRuntime/7.40.0"
::1 - - [20/Jul/2024:10:30:59 +0000] "POST /api/category/create HTTP/1.1" 201 61 "-" "PostmanRuntime/7.40.0"
::1 - - [20/Jul/2024:10:31:06 +0000] "POST /api/category/create HTTP/1.1" 201 60 "-" "PostmanRuntime/7.40.0"
::1 - - [20/Jul/2024:10:31:12 +0000] "POST /api/category/create HTTP/1.1" 201 59 "-" "PostmanRuntime/7.40.0"
::1 - - [20/Jul/2024:10:32:20 +0000] "POST /api/user/register HTTP/1.1" - - "-" "PostmanRuntime/7.40.0"
::1 - - [20/Jul/2024:10:32:22 +0000] "POST /api/user/register HTTP/1.1" 400 187 "-" "PostmanRuntime/7.40.0"
::1 - - [20/Jul/2024:10:32:32 +0000] "POST /api/user/register HTTP/1.1" 201 197 "-" "PostmanRuntime/7.40.0"
::1 - - [20/Jul/2024:10:33:05 +0000] "POST /api/user/register HTTP/1.1" 201 197 "-" "PostmanRuntime/7.40.0"
::1 - - [20/Jul/2024:10:33:37 +0000] "POST /api/user/login HTTP/1.1" 400 61 "-" "PostmanRuntime/7.40.0"
::1 - - [20/Jul/2024:10:34:04 +0000] "POST /api/user/login HTTP/1.1" 200 16 "-" "PostmanRuntime/7.40.0"
::1 - - [20/Jul/2024:10:35:01 +0000] "POST /api/user/verifyOTP HTTP/1.1" 400 150 "-" "PostmanRuntime/7.40.0"
::1 - - [20/Jul/2024:10:43:09 +0000] "POST /api/user/login HTTP/1.1" 200 278 "-" "PostmanRuntime/7.40.0"
::1 - - [20/Jul/2024:10:43:36 +0000] "POST /api/user/verifyOTP HTTP/1.1" 200 288 "-" "PostmanRuntime/7.40.0"
::1 - - [20/Jul/2024:10:45:07 +0000] "POST /api/items/create HTTP/1.1" 201 247 "-" "PostmanRuntime/7.40.0"
::1 - - [20/Jul/2024:10:45:22 +0000] "POST /api/items/create HTTP/1.1" 201 247 "-" "PostmanRuntime/7.40.0"
::1 - - [20/Jul/2024:10:45:51 +0000] "POST /api/items/create HTTP/1.1" 201 244 "-" "PostmanRuntime/7.40.0"
::1 - - [20/Jul/2024:10:46:22 +0000] "POST /api/user/login HTTP/1.1" 200 278 "-" "PostmanRuntime/7.40.0"
::1 - - [20/Jul/2024:10:46:45 +0000] "POST /api/user/verifyOTP HTTP/1.1" 200 288 "-" "PostmanRuntime/7.40.0"
::1 - - [20/Jul/2024:10:48:25 +0000] "POST /api/payment/create HTTP/1.1" 200 33 "-" "PostmanRuntime/7.40.0"
::1 - - [20/Jul/2024:10:48:45 +0000] "POST /api/payment/create HTTP/1.1" 200 52 "-" "PostmanRuntime/7.40.0"
::1 - - [20/Jul/2024:11:09:25 +0000] "POST /api/payment/create HTTP/1.1" 400 44 "-" "PostmanRuntime/7.40.0"
::1 - - [20/Jul/2024:11:09:50 +0000] "POST /api/payment/create HTTP/1.1" 400 677 "-" "PostmanRuntime/7.40.0"
::1 - - [20/Jul/2024:11:11:57 +0000] "POST /api/payment/create HTTP/1.1" 400 677 "-" "PostmanRuntime/7.40.0"
::1 - - [20/Jul/2024:11:13:24 +0000] "POST /api/payment/create HTTP/1.1" 400 525 "-" "PostmanRuntime/7.40.0"
::1 - - [20/Jul/2024:11:14:48 +0000] "POST /api/payment/create HTTP/1.1" 200 52 "-" "PostmanRuntime/7.40.0"
::1 - - [20/Jul/2024:11:18:53 +0000] "POST /api/payment/create HTTP/1.1" 400 59 "-" "PostmanRuntime/7.40.0"
::1 - - [20/Jul/2024:11:19:35 +0000] "POST /api/payment/create HTTP/1.1" 400 59 "-" "PostmanRuntime/7.40.0"
::1 - - [20/Jul/2024:11:19:48 +0000] "POST /api/payment/create HTTP/1.1" 200 52 "-" "PostmanRuntime/7.40.0"
::1 - - [20/Jul/2024:11:20:53 +0000] "POST /api/payment/create HTTP/1.1" 200 52 "-" "PostmanRuntime/7.40.0"
::1 - - [20/Jul/2024:11:21:17 +0000] "POST /api/payment/create HTTP/1.1" 200 52 "-" "PostmanRuntime/7.40.0"
::1 - - [20/Jul/2024:11:21:21 +0000] "POST /api/payment/create HTTP/1.1" 400 59 "-" "PostmanRuntime/7.40.0"
::1 - - [20/Jul/2024:12:06:32 +0000] "GET /api/reports/allReports HTTP/1.1" 500 21 "-" "PostmanRuntime/7.40.0"
::1 - - [20/Jul/2024:12:06:46 +0000] "GET /api/reports/allReports HTTP/1.1" 500 21 "-" "PostmanRuntime/7.40.0"
::1 - - [20/Jul/2024:12:07:53 +0000] "POST /api/user/login HTTP/1.1" 200 278 "-" "PostmanRuntime/7.40.0"
::1 - - [20/Jul/2024:12:08:20 +0000] "POST /api/user/verifyOTP HTTP/1.1" 200 288 "-" "PostmanRuntime/7.40.0"
::1 - - [20/Jul/2024:12:09:50 +0000] "GET /api/reports/allReports HTTP/1.1" 400 64 "-" "PostmanRuntime/7.40.0"
::1 - - [20/Jul/2024:12:10:37 +0000] "POST /api/user/login HTTP/1.1" 200 278 "-" "PostmanRuntime/7.40.0"
::1 - - [20/Jul/2024:12:10:59 +0000] "POST /api/user/verifyOTP HTTP/1.1" 200 288 "-" "PostmanRuntime/7.40.0"
::1 - - [20/Jul/2024:12:11:15 +0000] "GET /api/reports/allReports HTTP/1.1" 403 36 "-" "PostmanRuntime/7.40.0"
::1 - - [20/Jul/2024:12:11:27 +0000] "POST /api/user/login HTTP/1.1" 200 30 "-" "PostmanRuntime/7.40.0"
::1 - - [20/Jul/2024:12:11:51 +0000] "POST /api/user/login HTTP/1.1" 200 30 "-" "PostmanRuntime/7.40.0"
::1 - - [20/Jul/2024:12:11:54 +0000] "POST /api/user/login HTTP/1.1" 200 30 "-" "PostmanRuntime/7.40.0"
::1 - - [20/Jul/2024:12:13:34 +0000] "POST /api/user/login HTTP/1.1" 200 278 "-" "PostmanRuntime/7.40.0"
::1 - - [20/Jul/2024:12:13:57 +0000] "POST /api/user/verifyOTP HTTP/1.1" 200 288 "-" "PostmanRuntime/7.40.0"
::1 - - [20/Jul/2024:12:14:17 +0000] "GET /api/reports/allReports HTTP/1.1" 400 64 "-" "PostmanRuntime/7.40.0"
::1 - - [20/Jul/2024:12:14:41 +0000] "GET /api/reports/allReports HTTP/1.1" 400 64 "-" "PostmanRuntime/7.40.0"
::1 - - [20/Jul/2024:12:14:58 +0000] "GET /api/reports/allReports HTTP/1.1" 200 80 "-" "PostmanRuntime/7.40.0"
::1 - - [20/Jul/2024:12:16:15 +0000] "GET /api/reports/allReports HTTP/1.1" 200 17 "-" "PostmanRuntime/7.40.0"
::1 - - [20/Jul/2024:12:16:36 +0000] "GET /api/reports/allReports HTTP/1.1" 200 35 "-" "PostmanRuntime/7.40.0"
::1 - - [20/Jul/2024:12:17:19 +0000] "GET /api/reports/allReports HTTP/1.1" 400 64 "-" "PostmanRuntime/7.40.0"
::1 - - [20/Jul/2024:12:18:08 +0000] "GET /api/reports/allReports HTTP/1.1" 400 64 "-" "PostmanRuntime/7.40.0"
::1 - - [20/Jul/2024:12:18:46 +0000] "GET /api/reports/allReports HTTP/1.1" 400 64 "-" "PostmanRuntime/7.40.0"
::1 - - [20/Jul/2024:12:19:05 +0000] "GET /api/reports/allReports HTTP/1.1" 400 64 "-" "PostmanRuntime/7.40.0"
::1 - - [20/Jul/2024:12:21:20 +0000] "GET /api/reports/allReports HTTP/1.1" 200 35 "-" "PostmanRuntime/7.40.0"
::1 - - [20/Jul/2024:12:22:04 +0000] "GET /api/reports/allReports HTTP/1.1" 200 40 "-" "PostmanRuntime/7.40.0"
::1 - - [20/Jul/2024:12:22:06 +0000] "GET /api/reports/allReports HTTP/1.1" 200 40 "-" "PostmanRuntime/7.40.0"
::1 - - [20/Jul/2024:12:22:51 +0000] "GET /api/reports/allReports HTTP/1.1" 200 40 "-" "PostmanRuntime/7.40.0"
::1 - - [20/Jul/2024:12:22:59 +0000] "GET /api/reports/allReports HTTP/1.1" 200 40 "-" "PostmanRuntime/7.40.0"
::1 - - [20/Jul/2024:12:23:20 +0000] "GET /api/reports/allReports HTTP/1.1" 200 40 "-" "PostmanRuntime/7.40.0"
::1 - - [20/Jul/2024:12:23:41 +0000] "GET /api/reports/allReports HTTP/1.1" 200 40 "-" "PostmanRuntime/7.40.0"
::1 - - [20/Jul/2024:12:24:00 +0000] "GET /api/reports/allReports HTTP/1.1" 200 40 "-" "PostmanRuntime/7.40.0"
::1 - - [20/Jul/2024:12:24:29 +0000] "GET /api/reports/allReports HTTP/1.1" 200 40 "-" "PostmanRuntime/7.40.0"
::1 - - [20/Jul/2024:12:26:40 +0000] "GET /api/reports/allReports HTTP/1.1" 200 35 "-" "PostmanRuntime/7.40.0"
::1 - - [20/Jul/2024:12:30:04 +0000] "GET /api/reports/allReports HTTP/1.1" 200 40 "-" "PostmanRuntime/7.40.0"
::1 - - [20/Jul/2024:12:38:16 +0000] "GET /api/reports/allReports HTTP/1.1" 200 40 "-" "PostmanRuntime/7.40.0"
::1 - - [20/Jul/2024:12:38:35 +0000] "GET /api/reports/allReports HTTP/1.1" 200 40 "-" "PostmanRuntime/7.40.0"
::1 - - [20/Jul/2024:12:38:40 +0000] "GET /api/reports/allReports HTTP/1.1" 200 40 "-" "PostmanRuntime/7.40.0"
::1 - - [20/Jul/2024:12:38:52 +0000] "GET /api/reports/allReports HTTP/1.1" 200 35 "-" "PostmanRuntime/7.40.0"
::1 - - [20/Jul/2024:12:45:47 +0000] "POST /api/payment/create HTTP/1.1" 403 36 "-" "PostmanRuntime/7.40.0"
::1 - - [20/Jul/2024:12:46:09 +0000] "POST /api/user/login HTTP/1.1" 200 278 "-" "PostmanRuntime/7.40.0"
::1 - - [20/Jul/2024:12:46:30 +0000] "POST /api/user/verifyOTP HTTP/1.1" 200 288 "-" "PostmanRuntime/7.40.0"
::1 - - [20/Jul/2024:12:46:47 +0000] "POST /api/payment/create HTTP/1.1" 400 888 "-" "PostmanRuntime/7.40.0"
::1 - - [20/Jul/2024:12:48:06 +0000] "POST /api/payment/create HTTP/1.1" 400 845 "-" "PostmanRuntime/7.40.0"
::1 - - [20/Jul/2024:12:48:58 +0000] "POST /api/payment/create HTTP/1.1" 200 52 "-" "PostmanRuntime/7.40.0"
::1 - - [20/Jul/2024:12:49:20 +0000] "GET /api/reports/allReports HTTP/1.1" 403 36 "-" "PostmanRuntime/7.40.0"
::1 - - [20/Jul/2024:12:49:33 +0000] "POST /api/user/login HTTP/1.1" 200 278 "-" "PostmanRuntime/7.40.0"
::1 - - [20/Jul/2024:12:49:58 +0000] "POST /api/user/verifyOTP HTTP/1.1" 200 288 "-" "PostmanRuntime/7.40.0"
::1 - - [20/Jul/2024:12:50:19 +0000] "GET /api/reports/allReports HTTP/1.1" 200 35 "-" "PostmanRuntime/7.40.0"
::1 - - [20/Jul/2024:12:50:43 +0000] "GET /api/reports/allReports HTTP/1.1" 200 40 "-" "PostmanRuntime/7.40.0"
::1 - - [20/Jul/2024:12:50:53 +0000] "GET /api/reports/allReports HTTP/1.1" 200 35 "-" "PostmanRuntime/7.40.0"
::1 - - [20/Jul/2024:12:51:20 +0000] "GET /api/reports/allReports HTTP/1.1" 200 35 "-" "PostmanRuntime/7.40.0"
::1 - - [20/Jul/2024:12:58:23 +0000] "GET /api/reports/allReports HTTP/1.1" - - "-" "PostmanRuntime/7.40.0"
::1 - - [20/Jul/2024:13:00:10 +0000] "GET /api/reports/allReports HTTP/1.1" - - "-" "PostmanRuntime/7.40.0"
::1 - - [20/Jul/2024:13:05:36 +0000] "GET /api/reports/allReports HTTP/1.1" - - "-" "PostmanRuntime/7.40.0"
::1 - - [20/Jul/2024:13:06:29 +0000] "POST /api/user/login HTTP/1.1" 200 278 "-" "PostmanRuntime/7.40.0"
::1 - - [20/Jul/2024:13:06:55 +0000] "POST /api/user/verifyOTP HTTP/1.1" 200 288 "-" "PostmanRuntime/7.40.0"
::1 - - [20/Jul/2024:13:07:11 +0000] "GET /api/reports/allReports HTTP/1.1" - - "-" "PostmanRuntime/7.40.0"
::1 - - [20/Jul/2024:13:08:33 +0000] "GET /api/reports/allReports HTTP/1.1" - - "-" "PostmanRuntime/7.40.0"
::1 - - [20/Jul/2024:13:09:07 +0000] "POST /api/items/create HTTP/1.1" 201 246 "-" "PostmanRuntime/7.40.0"
::1 - - [20/Jul/2024:13:09:14 +0000] "GET /api/reports/allReports HTTP/1.1" - - "-" "PostmanRuntime/7.40.0"
::1 - - [20/Jul/2024:13:09:57 +0000] "GET /api/reports/allReports HTTP/1.1" 422 26 "-" "PostmanRuntime/7.40.0"
::1 - - [20/Jul/2024:13:10:04 +0000] "GET /api/reports/allReports HTTP/1.1" 422 26 "-" "PostmanRuntime/7.40.0"
::1 - - [20/Jul/2024:13:10:13 +0000] "GET /api/reports/allReports HTTP/1.1" 200 35 "-" "PostmanRuntime/7.40.0"
::1 - - [20/Jul/2024:13:12:56 +0000] "GET /api/reports/allReports HTTP/1.1" 200 35 "-" "PostmanRuntime/7.40.0"
::1 - - [20/Jul/2024:13:13:46 +0000] "GET /api/reports/allReports HTTP/1.1" 200 35 "-" "PostmanRuntime/7.40.0"
::1 - - [20/Jul/2024:13:14:10 +0000] "POST /api/user/login HTTP/1.1" 200 278 "-" "PostmanRuntime/7.40.0"
::1 - - [20/Jul/2024:13:14:29 +0000] "POST /api/user/verifyOTP HTTP/1.1" 200 288 "-" "PostmanRuntime/7.40.0"
::1 - - [20/Jul/2024:13:14:55 +0000] "POST /api/payment/create HTTP/1.1" 200 52 "-" "PostmanRuntime/7.40.0"
